android/app/build/intermediates/manifest_merge_blame_file/release/manifest-merger-blame-release-report.txt
1<?xml version="1.0" encoding="utf-8"?>
2<manifest xmlns:android="http://schemas.android.com/apk/res/android"
3    package="com.example.oasis"
4    android:versionCode="1"
5    android:versionName="1.0" >
6
7    <uses-sdk
8        android:minSdkVersion="21"
9        android:targetSdkVersion="33" />
10    <!--
11         Required to query activities that can process text, see:
12         https://developer.android.com/training/package-visibility and
13         https://developer.android.com/reference/android/content/Intent#ACTION_PROCESS_TEXT.
14
15         In particular, this is used by the Flutter engine in io.flutter.plugin.text.ProcessTextPlugin.
16    -->
17    <queries>
17-->src\main\AndroidManifest.xml:39:5-44:15
18        <intent>
18-->src\main\AndroidManifest.xml:40:9-43:18
19            <action android:name="android.intent.action.PROCESS_TEXT" />
19-->src\main\AndroidManifest.xml:41:13-72
19-->src\main\AndroidManifest.xml:41:21-70
20
21            <data android:mimeType="text/plain" />
21-->src\main\AndroidManifest.xml:42:13-50
21-->src\main\AndroidManifest.xml:42:19-48
22        </intent>
23        <intent>
23-->[:file_picker] AndroidManifest.xml:12:9-16:18
24            <action android:name="android.intent.action.GET_CONTENT" />
24-->[:file_picker] AndroidManifest.xml:13:13-72
24-->[:file_picker] AndroidManifest.xml:13:21-69
25
26            <data android:mimeType="*/*" />
26-->src\main\AndroidManifest.xml:42:13-50
26-->src\main\AndroidManifest.xml:42:19-48
27        </intent>
28    </queries>
29
30    <uses-permission
30-->[:file_picker] AndroidManifest.xml:7:5-9:38
31        android:name="android.permission.READ_EXTERNAL_STORAGE"
31-->[:file_picker] AndroidManifest.xml:8:9-64
32        android:maxSdkVersion="32" />
32-->[:file_picker] AndroidManifest.xml:9:9-35
33    <uses-permission android:name="android.permission.READ_MEDIA_IMAGES" />
33-->[:open_filex] AndroidManifest.xml:11:5-76
33-->[:open_filex] AndroidManifest.xml:11:22-73
34    <uses-permission android:name="android.permission.READ_MEDIA_VIDEO" />
34-->[:open_filex] AndroidManifest.xml:12:5-75
34-->[:open_filex] AndroidManifest.xml:12:22-72
35    <uses-permission android:name="android.permission.READ_MEDIA_AUDIO" />
35-->[:open_filex] AndroidManifest.xml:13:5-75
35-->[:open_filex] AndroidManifest.xml:13:22-72
36
37    <permission
37-->[androidx.core:core:1.13.1] AndroidManifest.xml:22:5-24:47
38        android:name="com.example.oasis.DYNAMIC_RECEIVER_NOT_EXPORTED_PERMISSION"
38-->[androidx.core:core:1.13.1] AndroidManifest.xml:23:9-81
39        android:protectionLevel="signature" />
39-->[androidx.core:core:1.13.1] AndroidManifest.xml:24:9-44
40
41    <uses-permission android:name="com.example.oasis.DYNAMIC_RECEIVER_NOT_EXPORTED_PERMISSION" />
41-->[androidx.core:core:1.13.1] AndroidManifest.xml:26:5-97
41-->[androidx.core:core:1.13.1] AndroidManifest.xml:26:22-94
42
43    <application
44        android:name="android.app.Application"
44-->src\main\AndroidManifest.xml:4:9-42
45        android:appComponentFactory="androidx.core.app.CoreComponentFactory"
45-->[androidx.core:core:1.13.1] AndroidManifest.xml:28:18-86
46        android:extractNativeLibs="true"
47        android:icon="@mipmap/ic_launcher"
47-->src\main\AndroidManifest.xml:5:9-43
48        android:label="oasis" >
48-->src\main\AndroidManifest.xml:3:9-30
49        <activity
49-->src\main\AndroidManifest.xml:6:9-27:20
50            android:name="com.example.oasis.MainActivity"
50-->src\main\AndroidManifest.xml:7:13-41
51            android:configChanges="orientation|keyboardHidden|keyboard|screenSize|smallestScreenSize|locale|layoutDirection|fontScale|screenLayout|density|uiMode"
51-->src\main\AndroidManifest.xml:12:13-163
52            android:exported="true"
52-->src\main\AndroidManifest.xml:8:13-36
53            android:hardwareAccelerated="true"
53-->src\main\AndroidManifest.xml:13:13-47
54            android:launchMode="singleTop"
54-->src\main\AndroidManifest.xml:9:13-43
55            android:taskAffinity=""
55-->src\main\AndroidManifest.xml:10:13-36
56            android:theme="@style/LaunchTheme"
56-->src\main\AndroidManifest.xml:11:13-47
57            android:windowSoftInputMode="adjustResize" >
57-->src\main\AndroidManifest.xml:14:13-55
58
59            <!--
60                 Specifies an Android theme to apply to this Activity as soon as
61                 the Android process has started. This theme is visible to the user
62                 while the Flutter UI initializes. After that, this theme continues
63                 to determine the Window background behind the Flutter UI.
64            -->
65            <meta-data
65-->src\main\AndroidManifest.xml:19:13-22:17
66                android:name="io.flutter.embedding.android.NormalTheme"
66-->src\main\AndroidManifest.xml:20:15-70
67                android:resource="@style/NormalTheme" />
67-->src\main\AndroidManifest.xml:21:15-52
68
69            <intent-filter>
69-->src\main\AndroidManifest.xml:23:13-26:29
70                <action android:name="android.intent.action.MAIN" />
70-->src\main\AndroidManifest.xml:24:17-68
70-->src\main\AndroidManifest.xml:24:25-66
71
72                <category android:name="android.intent.category.LAUNCHER" />
72-->src\main\AndroidManifest.xml:25:17-76
72-->src\main\AndroidManifest.xml:25:27-74
73            </intent-filter>
74        </activity>
75        <!--
76             Don't delete the meta-data below.
77             This is used by the Flutter tool to generate GeneratedPluginRegistrant.java
78        -->
79        <meta-data
79-->src\main\AndroidManifest.xml:30:9-32:33
80            android:name="flutterEmbedding"
80-->src\main\AndroidManifest.xml:31:13-44
81            android:value="2" />
81-->src\main\AndroidManifest.xml:32:13-30
82
83        <provider
83-->[:image_picker_android] AndroidManifest.xml:9:9-17:20
84            android:name="io.flutter.plugins.imagepicker.ImagePickerFileProvider"
84-->[:image_picker_android] AndroidManifest.xml:10:13-82
85            android:authorities="com.example.oasis.flutter.image_provider"
85-->[:image_picker_android] AndroidManifest.xml:11:13-74
86            android:exported="false"
86-->[:image_picker_android] AndroidManifest.xml:12:13-37
87            android:grantUriPermissions="true" >
87-->[:image_picker_android] AndroidManifest.xml:13:13-47
88            <meta-data
88-->[:image_picker_android] AndroidManifest.xml:14:13-16:75
89                android:name="android.support.FILE_PROVIDER_PATHS"
89-->[:image_picker_android] AndroidManifest.xml:15:17-67
90                android:resource="@xml/flutter_image_picker_file_paths" />
90-->[:image_picker_android] AndroidManifest.xml:16:17-72
91        </provider> <!-- Trigger Google Play services to install the backported photo picker module. -->
92        <service
92-->[:image_picker_android] AndroidManifest.xml:19:9-31:19
93            android:name="com.google.android.gms.metadata.ModuleDependencies"
93-->[:image_picker_android] AndroidManifest.xml:20:13-78
94            android:enabled="false"
94-->[:image_picker_android] AndroidManifest.xml:21:13-36
95            android:exported="false" >
95-->[:image_picker_android] AndroidManifest.xml:22:13-37
96            <intent-filter>
96-->[:image_picker_android] AndroidManifest.xml:24:13-26:29
97                <action android:name="com.google.android.gms.metadata.MODULE_DEPENDENCIES" />
97-->[:image_picker_android] AndroidManifest.xml:25:17-94
97-->[:image_picker_android] AndroidManifest.xml:25:25-91
98            </intent-filter>
99
100            <meta-data
100-->[:image_picker_android] AndroidManifest.xml:28:13-30:36
101                android:name="photopicker_activity:0:required"
101-->[:image_picker_android] AndroidManifest.xml:29:17-63
102                android:value="" />
102-->[:image_picker_android] AndroidManifest.xml:30:17-33
103        </service>
104
105        <provider
105-->[:open_filex] AndroidManifest.xml:16:9-25:20
106            android:name="com.crazecoder.openfile.FileProvider"
106-->[:open_filex] AndroidManifest.xml:17:13-64
107            android:authorities="com.example.oasis.fileProvider.com.crazecoder.openfile"
107-->[:open_filex] AndroidManifest.xml:18:13-88
108            android:exported="false"
108-->[:open_filex] AndroidManifest.xml:19:13-37
109            android:grantUriPermissions="true" >
109-->[:open_filex] AndroidManifest.xml:20:13-47
110            <meta-data
110-->[:image_picker_android] AndroidManifest.xml:14:13-16:75
111                android:name="android.support.FILE_PROVIDER_PATHS"
111-->[:image_picker_android] AndroidManifest.xml:15:17-67
112                android:resource="@xml/filepaths" />
112-->[:image_picker_android] AndroidManifest.xml:16:17-72
113        </provider>
114
115        <activity
115-->[:url_launcher_android] AndroidManifest.xml:8:9-11:74
116            android:name="io.flutter.plugins.urllauncher.WebViewActivity"
116-->[:url_launcher_android] AndroidManifest.xml:9:13-74
117            android:exported="false"
117-->[:url_launcher_android] AndroidManifest.xml:10:13-37
118            android:theme="@android:style/Theme.NoTitleBar.Fullscreen" />
118-->[:url_launcher_android] AndroidManifest.xml:11:13-71
119
120        <uses-library
120-->[androidx.window:window:1.2.0] AndroidManifest.xml:23:9-25:40
121            android:name="androidx.window.extensions"
121-->[androidx.window:window:1.2.0] AndroidManifest.xml:24:13-54
122            android:required="false" />
122-->[androidx.window:window:1.2.0] AndroidManifest.xml:25:13-37
123        <uses-library
123-->[androidx.window:window:1.2.0] AndroidManifest.xml:26:9-28:40
124            android:name="androidx.window.sidecar"
124-->[androidx.window:window:1.2.0] AndroidManifest.xml:27:13-51
125            android:required="false" />
125-->[androidx.window:window:1.2.0] AndroidManifest.xml:28:13-37
126
127        <provider
127-->[androidx.emoji2:emoji2:1.2.0] AndroidManifest.xml:24:9-32:20
128            android:name="androidx.startup.InitializationProvider"
128-->[androidx.emoji2:emoji2:1.2.0] AndroidManifest.xml:25:13-67
129            android:authorities="com.example.oasis.androidx-startup"
129-->[androidx.emoji2:emoji2:1.2.0] AndroidManifest.xml:26:13-68
130            android:exported="false" >
130-->[androidx.emoji2:emoji2:1.2.0] AndroidManifest.xml:27:13-37
131            <meta-data
131-->[androidx.emoji2:emoji2:1.2.0] AndroidManifest.xml:29:13-31:52
132                android:name="androidx.emoji2.text.EmojiCompatInitializer"
132-->[androidx.emoji2:emoji2:1.2.0] AndroidManifest.xml:30:17-75
133                android:value="androidx.startup" />
133-->[androidx.emoji2:emoji2:1.2.0] AndroidManifest.xml:31:17-49
134            <meta-data
134-->[androidx.lifecycle:lifecycle-process:2.7.0] AndroidManifest.xml:29:13-31:52
135                android:name="androidx.lifecycle.ProcessLifecycleInitializer"
135-->[androidx.lifecycle:lifecycle-process:2.7.0] AndroidManifest.xml:30:17-78
136                android:value="androidx.startup" />
136-->[androidx.lifecycle:lifecycle-process:2.7.0] AndroidManifest.xml:31:17-49
137            <meta-data
137-->[androidx.profileinstaller:profileinstaller:1.3.1] AndroidManifest.xml:29:13-31:52
138                android:name="androidx.profileinstaller.ProfileInstallerInitializer"
138-->[androidx.profileinstaller:profileinstaller:1.3.1] AndroidManifest.xml:30:17-85
139                android:value="androidx.startup" />
139-->[androidx.profileinstaller:profileinstaller:1.3.1] AndroidManifest.xml:31:17-49
140        </provider>
141
142        <receiver
142-->[androidx.profileinstaller:profileinstaller:1.3.1] AndroidManifest.xml:34:9-52:20
143            android:name="androidx.profileinstaller.ProfileInstallReceiver"
143-->[androidx.profileinstaller:profileinstaller:1.3.1] AndroidManifest.xml:35:13-76
144            android:directBootAware="false"
144-->[androidx.profileinstaller:profileinstaller:1.3.1] AndroidManifest.xml:36:13-44
145            android:enabled="true"
145-->[androidx.profileinstaller:profileinstaller:1.3.1] AndroidManifest.xml:37:13-35
146            android:exported="true"
146-->[androidx.profileinstaller:profileinstaller:1.3.1] AndroidManifest.xml:38:13-36
147            android:permission="android.permission.DUMP" >
147-->[androidx.profileinstaller:profileinstaller:1.3.1] AndroidManifest.xml:39:13-57
148            <intent-filter>
148-->[androidx.profileinstaller:profileinstaller:1.3.1] AndroidManifest.xml:40:13-42:29
149                <action android:name="androidx.profileinstaller.action.INSTALL_PROFILE" />
149-->[androidx.profileinstaller:profileinstaller:1.3.1] AndroidManifest.xml:41:17-91
149-->[androidx.profileinstaller:profileinstaller:1.3.1] AndroidManifest.xml:41:25-88
150            </intent-filter>
151            <intent-filter>
151-->[androidx.profileinstaller:profileinstaller:1.3.1] AndroidManifest.xml:43:13-45:29
152                <action android:name="androidx.profileinstaller.action.SKIP_FILE" />
152-->[androidx.profileinstaller:profileinstaller:1.3.1] AndroidManifest.xml:44:17-85
152-->[androidx.profileinstaller:profileinstaller:1.3.1] AndroidManifest.xml:44:25-82
153            </intent-filter>
154            <intent-filter>
154-->[androidx.profileinstaller:profileinstaller:1.3.1] AndroidManifest.xml:46:13-48:29
155                <action android:name="androidx.profileinstaller.action.SAVE_PROFILE" />
155-->[androidx.profileinstaller:profileinstaller:1.3.1] AndroidManifest.xml:47:17-88
155-->[androidx.profileinstaller:profileinstaller:1.3.1] AndroidManifest.xml:47:25-85
156            </intent-filter>
157            <intent-filter>
157-->[androidx.profileinstaller:profileinstaller:1.3.1] AndroidManifest.xml:49:13-51:29
158                <action android:name="androidx.profileinstaller.action.BENCHMARK_OPERATION" />
158-->[androidx.profileinstaller:profileinstaller:1.3.1] AndroidManifest.xml:50:17-95
158-->[androidx.profileinstaller:profileinstaller:1.3.1] AndroidManifest.xml:50:25-92
159            </intent-filter>
160        </receiver>
161    </application>
162
163</manifest>